<?xml version="1.0" encoding="UTF-8" ?>
<testsuite tests="16" failures="7" name="JokeManagerTest" time="0.039" errors="0" skipped="0">
  <properties>
[...]
</properties>
  <testcase classname="JokeManagerTest" name="oneJokeAndDraw" time="0.023"/>
  <testcase classname="JokeManagerTest" name="testStopping" time="0">
    <failure message="The constructor UserInterface(JokeManager, Scanner) is missing." type="java.lang.AssertionError">java.lang.AssertionError: The constructor UserInterface(JokeManager, Scanner) is missing.
	at fi.helsinki.cs.tmc.edutestutils.ReflectionUtils.requireConstructor(ReflectionUtils.java:222)
	at fi.helsinki.cs.tmc.edutestutils.Reflex$MethodRef.getConstructor(Reflex.java:542)
	at fi.helsinki.cs.tmc.edutestutils.Reflex$MethodRef.invokeCtor(Reflex.java:579)
	at fi.helsinki.cs.tmc.edutestutils.Reflex$MethodRef.invokeImpl(Reflex.java:563)
	at fi.helsinki.cs.tmc.edutestutils.Reflex$MethodRef2.invoke(Reflex.java:775)
	at JokeManagerTest.testStopping(JokeManagerTest.java:147)
	at java.base/jdk.internal.reflect.NativeMethodAccessorImpl.invoke0(Native Method)
	at java.base/jdk.internal.reflect.NativeMethodAccessorImpl.invoke(NativeMethodAccessorImpl.java:62)
	at java.base/jdk.internal.reflect.DelegatingMethodAccessorImpl.invoke(DelegatingMethodAccessorImpl.java:43)
	at java.base/java.lang.reflect.Method.invoke(Method.java:566)
	at org.junit.runners.model.FrameworkMethod$1.runReflectiveCall(FrameworkMethod.java:50)
	at org.junit.internal.runners.model.ReflectiveCallable.run(ReflectiveCallable.java:12)
	at org.junit.runners.model.FrameworkMethod.invokeExplosively(FrameworkMethod.java:47)
	at org.junit.internal.runners.statements.InvokeMethod.evaluate(InvokeMethod.java:17)
	at org.junit.internal.runners.statements.FailOnTimeout$CallableStatement.call(FailOnTimeout.java:298)
	at org.junit.internal.runners.statements.FailOnTimeout$CallableStatement.call(FailOnTimeout.java:292)
	at java.base/java.util.concurrent.FutureTask.run(FutureTask.java:264)
	at java.base/java.lang.Thread.run(Thread.java:829)
</failure>
  </testcase>
  <testcase classname="JokeManagerTest" name="testAddingAndStopping" time="0">
    <failure message="The constructor UserInterface(JokeManager, Scanner) is missing." type="java.lang.AssertionError">java.lang.AssertionError: The constructor UserInterface(JokeManager, Scanner) is missing.
	at fi.helsinki.cs.tmc.edutestutils.ReflectionUtils.requireConstructor(ReflectionUtils.java:222)
	at fi.helsinki.cs.tmc.edutestutils.Reflex$MethodRef.getConstructor(Reflex.java:542)
	at fi.helsinki.cs.tmc.edutestutils.Reflex$MethodRef.invokeCtor(Reflex.java:579)
	at fi.helsinki.cs.tmc.edutestutils.Reflex$MethodRef.invokeImpl(Reflex.java:563)
	at fi.helsinki.cs.tmc.edutestutils.Reflex$MethodRef2.invoke(Reflex.java:775)
	at JokeManagerTest.testAddingAndStopping(JokeManagerTest.java:165)
	at java.base/jdk.internal.reflect.NativeMethodAccessorImpl.invoke0(Native Method)
	at java.base/jdk.internal.reflect.NativeMethodAccessorImpl.invoke(NativeMethodAccessorImpl.java:62)
	at java.base/jdk.internal.reflect.DelegatingMethodAccessorImpl.invoke(DelegatingMethodAccessorImpl.java:43)
	at java.base/java.lang.reflect.Method.invoke(Method.java:566)
	at org.junit.runners.model.FrameworkMethod$1.runReflectiveCall(FrameworkMethod.java:50)
	at org.junit.internal.runners.model.ReflectiveCallable.run(ReflectiveCallable.java:12)
	at org.junit.runners.model.FrameworkMethod.invokeExplosively(FrameworkMethod.java:47)
	at org.junit.internal.runners.statements.InvokeMethod.evaluate(InvokeMethod.java:17)
	at org.junit.internal.runners.statements.FailOnTimeout$CallableStatement.call(FailOnTimeout.java:298)
	at org.junit.internal.runners.statements.FailOnTimeout$CallableStatement.call(FailOnTimeout.java:292)
	at java.base/java.util.concurrent.FutureTask.run(FutureTask.java:264)
	at java.base/java.lang.Thread.run(Thread.java:829)
</failure>
  </testcase>
  <testcase classname="JokeManagerTest" name="classJokeManagerHasCorrectMethods" time="0"/>
  <testcase classname="JokeManagerTest" name="testPrinting" time="0">
    <failure message="The constructor UserInterface(JokeManager, Scanner) is missing." type="java.lang.AssertionError">java.lang.AssertionError: The constructor UserInterface(JokeManager, Scanner) is missing.
	at fi.helsinki.cs.tmc.edutestutils.ReflectionUtils.requireConstructor(ReflectionUtils.java:222)
	at fi.helsinki.cs.tmc.edutestutils.Reflex$MethodRef.getConstructor(Reflex.java:542)
	at fi.helsinki.cs.tmc.edutestutils.Reflex$MethodRef.invokeCtor(Reflex.java:579)
	at fi.helsinki.cs.tmc.edutestutils.Reflex$MethodRef.invokeImpl(Reflex.java:563)
	at fi.helsinki.cs.tmc.edutestutils.Reflex$MethodRef2.invoke(Reflex.java:775)
	at JokeManagerTest.testPrinting(JokeManagerTest.java:193)
	at java.base/jdk.internal.reflect.NativeMethodAccessorImpl.invoke0(Native Method)
	at java.base/jdk.internal.reflect.NativeMethodAccessorImpl.invoke(NativeMethodAccessorImpl.java:62)
	at java.base/jdk.internal.reflect.DelegatingMethodAccessorImpl.invoke(DelegatingMethodAccessorImpl.java:43)
	at java.base/java.lang.reflect.Method.invoke(Method.java:566)
	at org.junit.runners.model.FrameworkMethod$1.runReflectiveCall(FrameworkMethod.java:50)
	at org.junit.internal.runners.model.ReflectiveCallable.run(ReflectiveCallable.java:12)
	at org.junit.runners.model.FrameworkMethod.invokeExplosively(FrameworkMethod.java:47)
	at org.junit.internal.runners.statements.InvokeMethod.evaluate(InvokeMethod.java:17)
	at org.junit.internal.runners.statements.FailOnTimeout$CallableStatement.call(FailOnTimeout.java:298)
	at org.junit.internal.runners.statements.FailOnTimeout$CallableStatement.call(FailOnTimeout.java:292)
	at java.base/java.util.concurrent.FutureTask.run(FutureTask.java:264)
	at java.base/java.lang.Thread.run(Thread.java:829)
</failure>
  </testcase>
  <testcase classname="JokeManagerTest" name="printingJokes" time="0"/>
  <testcase classname="JokeManagerTest" name="manyJokesAndDraw" time="0"/>
  <testcase classname="JokeManagerTest" name="classJokeManagerHasParameterlessConstructor" time="0"/>
  <testcase classname="JokeManagerTest" name="classUserInterfaceHasTwoObjectVariables" time="0.015"/>
  <testcase classname="JokeManagerTest" name="noJokesAddedAndDraw" time="0"/>
  <testcase classname="JokeManagerTest" name="testDrawing" time="0">
    <failure message="The constructor UserInterface(JokeManager, Scanner) is missing." type="java.lang.AssertionError">java.lang.AssertionError: The constructor UserInterface(JokeManager, Scanner) is missing.
	at fi.helsinki.cs.tmc.edutestutils.ReflectionUtils.requireConstructor(ReflectionUtils.java:222)
	at fi.helsinki.cs.tmc.edutestutils.Reflex$MethodRef.getConstructor(Reflex.java:542)
	at fi.helsinki.cs.tmc.edutestutils.Reflex$MethodRef.invokeCtor(Reflex.java:579)
	at fi.helsinki.cs.tmc.edutestutils.Reflex$MethodRef.invokeImpl(Reflex.java:563)
	at fi.helsinki.cs.tmc.edutestutils.Reflex$MethodRef2.invoke(Reflex.java:775)
	at JokeManagerTest.testDrawing(JokeManagerTest.java:222)
	at java.base/jdk.internal.reflect.NativeMethodAccessorImpl.invoke0(Native Method)
	at java.base/jdk.internal.reflect.NativeMethodAccessorImpl.invoke(NativeMethodAccessorImpl.java:62)
	at java.base/jdk.internal.reflect.DelegatingMethodAccessorImpl.invoke(DelegatingMethodAccessorImpl.java:43)
	at java.base/java.lang.reflect.Method.invoke(Method.java:566)
	at org.junit.runners.model.FrameworkMethod$1.runReflectiveCall(FrameworkMethod.java:50)
	at org.junit.internal.runners.model.ReflectiveCallable.run(ReflectiveCallable.java:12)
	at org.junit.runners.model.FrameworkMethod.invokeExplosively(FrameworkMethod.java:47)
	at org.junit.internal.runners.statements.InvokeMethod.evaluate(InvokeMethod.java:17)
	at org.junit.internal.runners.statements.FailOnTimeout$CallableStatement.call(FailOnTimeout.java:298)
	at org.junit.internal.runners.statements.FailOnTimeout$CallableStatement.call(FailOnTimeout.java:292)
	at java.base/java.util.concurrent.FutureTask.run(FutureTask.java:264)
	at java.base/java.lang.Thread.run(Thread.java:829)
</failure>
  </testcase>
  <testcase classname="JokeManagerTest" name="classUserInterfaceExists" time="0.001"/>
  <testcase classname="JokeManagerTest" name="classUserInterfaceHasMethodStart" time="0">
    <failure message="Method start() of class UserInterface missing." type="java.lang.AssertionError">java.lang.AssertionError: Method start() of class UserInterface missing.
	at fi.helsinki.cs.tmc.edutestutils.ReflectionUtils.requireMethod(ReflectionUtils.java:305)
	at fi.helsinki.cs.tmc.edutestutils.Reflex$MethodRef.requireExists(Reflex.java:621)
	at fi.helsinki.cs.tmc.edutestutils.Reflex$MethodRef.requirePublic(Reflex.java:496)
	at JokeManagerTest.classUserInterfaceHasMethodStart(JokeManagerTest.java:125)
	at java.base/jdk.internal.reflect.NativeMethodAccessorImpl.invoke0(Native Method)
	at java.base/jdk.internal.reflect.NativeMethodAccessorImpl.invoke(NativeMethodAccessorImpl.java:62)
	at java.base/jdk.internal.reflect.DelegatingMethodAccessorImpl.invoke(DelegatingMethodAccessorImpl.java:43)
	at java.base/java.lang.reflect.Method.invoke(Method.java:566)
	at org.junit.runners.model.FrameworkMethod$1.runReflectiveCall(FrameworkMethod.java:50)
	at org.junit.internal.runners.model.ReflectiveCallable.run(ReflectiveCallable.java:12)
	at org.junit.runners.model.FrameworkMethod.invokeExplosively(FrameworkMethod.java:47)
	at org.junit.internal.runners.statements.InvokeMethod.evaluate(InvokeMethod.java:17)
	at org.junit.internal.runners.statements.FailOnTimeout$CallableStatement.call(FailOnTimeout.java:298)
	at org.junit.internal.runners.statements.FailOnTimeout$CallableStatement.call(FailOnTimeout.java:292)
	at java.base/java.util.concurrent.FutureTask.run(FutureTask.java:264)
	at java.base/java.lang.Thread.run(Thread.java:829)
</failure>
  </testcase>
  <testcase classname="JokeManagerTest" name="classJokeManagerExists" time="0"/>
  <testcase classname="JokeManagerTest" name="classUserInterfaceHasConstructorWithTwoParameters" time="0">
    <failure message="The constructor UserInterface(JokeManager, Scanner) is missing." type="java.lang.AssertionError">java.lang.AssertionError: The constructor UserInterface(JokeManager, Scanner) is missing.
	at fi.helsinki.cs.tmc.edutestutils.ReflectionUtils.requireConstructor(ReflectionUtils.java:222)
	at fi.helsinki.cs.tmc.edutestutils.Reflex$MethodRef.requireExists(Reflex.java:618)
	at fi.helsinki.cs.tmc.edutestutils.Reflex$MethodRef.requirePublic(Reflex.java:496)
	at JokeManagerTest.classUserInterfaceHasConstructorWithTwoParameters(JokeManagerTest.java:119)
	at java.base/jdk.internal.reflect.NativeMethodAccessorImpl.invoke0(Native Method)
	at java.base/jdk.internal.reflect.NativeMethodAccessorImpl.invoke(NativeMethodAccessorImpl.java:62)
	at java.base/jdk.internal.reflect.DelegatingMethodAccessorImpl.invoke(DelegatingMethodAccessorImpl.java:43)
	at java.base/java.lang.reflect.Method.invoke(Method.java:566)
	at org.junit.runners.model.FrameworkMethod$1.runReflectiveCall(FrameworkMethod.java:50)
	at org.junit.internal.runners.model.ReflectiveCallable.run(ReflectiveCallable.java:12)
	at org.junit.runners.model.FrameworkMethod.invokeExplosively(FrameworkMethod.java:47)
	at org.junit.internal.runners.statements.InvokeMethod.evaluate(InvokeMethod.java:17)
	at org.junit.internal.runners.statements.FailOnTimeout$CallableStatement.call(FailOnTimeout.java:298)
	at org.junit.internal.runners.statements.FailOnTimeout$CallableStatement.call(FailOnTimeout.java:292)
	at java.base/java.util.concurrent.FutureTask.run(FutureTask.java:264)
	at java.base/java.lang.Thread.run(Thread.java:829)
</failure>
  </testcase>
  <testcase classname="JokeManagerTest" name="classJokeManagerOnlyHasOneObjectVariable" time="0">
    <failure message="The class JokeManager only needsone object variable, remove the extra variables" type="java.lang.AssertionError">java.lang.AssertionError: The class JokeManager only needsone object variable, remove the extra variables
	at org.junit.Assert.fail(Assert.java:88)
	at org.junit.Assert.assertTrue(Assert.java:41)
	at JokeManagerTest.sanityCheck(JokeManagerTest.java:244)
	at JokeManagerTest.classJokeManagerOnlyHasOneObjectVariable(JokeManagerTest.java:34)
	at java.base/jdk.internal.reflect.NativeMethodAccessorImpl.invoke0(Native Method)
	at java.base/jdk.internal.reflect.NativeMethodAccessorImpl.invoke(NativeMethodAccessorImpl.java:62)
	at java.base/jdk.internal.reflect.DelegatingMethodAccessorImpl.invoke(DelegatingMethodAccessorImpl.java:43)
	at java.base/java.lang.reflect.Method.invoke(Method.java:566)
	at org.junit.runners.model.FrameworkMethod$1.runReflectiveCall(FrameworkMethod.java:50)
	at org.junit.internal.runners.model.ReflectiveCallable.run(ReflectiveCallable.java:12)
	at org.junit.runners.model.FrameworkMethod.invokeExplosively(FrameworkMethod.java:47)
	at org.junit.internal.runners.statements.InvokeMethod.evaluate(InvokeMethod.java:17)
	at org.junit.internal.runners.statements.FailOnTimeout$CallableStatement.call(FailOnTimeout.java:298)
	at org.junit.internal.runners.statements.FailOnTimeout$CallableStatement.call(FailOnTimeout.java:292)
	at java.base/java.util.concurrent.FutureTask.run(FutureTask.java:264)
	at java.base/java.lang.Thread.run(Thread.java:829)
</failure>
  </testcase>
</testsuite>